0 info it worked if it ends with ok
1 verbose cli [ '/Users/asa/.nvm/versions/io.js/v2.3.4/bin/iojs',
1 verbose cli   '/Users/asa/.nvm/versions/io.js/v2.3.4/bin/npm',
1 verbose cli   'start' ]
2 info using npm@2.12.1
3 info using node@v2.3.4
4 verbose run-script [ 'prestart', 'start', 'poststart' ]
5 info prestart npf-backend@0.0.1
6 info start npf-backend@0.0.1
7 verbose unsafe-perm in lifecycle true
8 info npf-backend@0.0.1 Failed to exec start script
9 verbose stack Error: npf-backend@0.0.1 start: `node index.js`
9 verbose stack Exit status 1
9 verbose stack     at EventEmitter.<anonymous> (/Users/asa/.nvm/versions/io.js/v2.3.4/lib/node_modules/npm/lib/utils/lifecycle.js:213:16)
9 verbose stack     at emitTwo (events.js:87:13)
9 verbose stack     at EventEmitter.emit (events.js:172:7)
9 verbose stack     at ChildProcess.<anonymous> (/Users/asa/.nvm/versions/io.js/v2.3.4/lib/node_modules/npm/lib/utils/spawn.js:24:14)
9 verbose stack     at emitTwo (events.js:87:13)
9 verbose stack     at ChildProcess.emit (events.js:172:7)
9 verbose stack     at maybeClose (internal/child_process.js:764:16)
9 verbose stack     at Process.ChildProcess._handle.onexit (internal/child_process.js:211:5)
10 verbose pkgid npf-backend@0.0.1
11 verbose cwd /Users/asa/Documents/Repos/npf-server
12 error Darwin 14.4.0
13 error argv "/Users/asa/.nvm/versions/io.js/v2.3.4/bin/iojs" "/Users/asa/.nvm/versions/io.js/v2.3.4/bin/npm" "start"
14 error node v2.3.4
15 error npm  v2.12.1
16 error code ELIFECYCLE
17 error npf-backend@0.0.1 start: `node index.js`
17 error Exit status 1
18 error Failed at the npf-backend@0.0.1 start script 'node index.js'.
18 error This is most likely a problem with the npf-backend package,
18 error not with npm itself.
18 error Tell the author that this fails on your system:
18 error     node index.js
18 error You can get their info via:
18 error     npm owner ls npf-backend
18 error There is likely additional logging output above.
19 verbose exit [ 1, true ]
